2018-11-20 10:28:09 INFO  BaseTest:23 - Settings Installation Start
2018-11-21 14:53:31 INFO  BaseTest:23 - Settings Installation Start
2018-11-22 13:55:57 INFO  BaseTest:25 - Settings Installation Start
2018-11-22 14:00:13 INFO  BaseTest:25 - Settings Installation Start
2018-11-26 11:10:21 INFO  BaseTest:32 - Settings Installation Start
2018-11-26 11:12:41 INFO  BaseTest:32 - Settings Installation Start
2018-11-26 11:16:05 INFO  BaseTest:32 - Settings Installation Start
2018-11-26 13:06:39 INFO  BaseTest:32 - Settings Installation Start
2018-11-26 13:07:37 INFO  BaseTest:32 - Settings Installation Start
2018-11-26 13:07:43 INFO  Mapper:34 - *********** BASE PATH :mapJSON/
2018-11-26 13:07:43 INFO  Mapper:36 - EVENT ACTIVITY TYPE :input-element
2018-11-26 13:07:43 INFO  Mapper:55 - ********** Map:{"cssSelector":"#__layout > div > div > div > section > section > div.b-tabs > section > div:nth-child(1) > div > div:nth-child(1) > div > input"}
2018-11-26 13:07:43 INFO  Mapper:71 - BY GENERATE :cssSelector-"#__layout > div > div > div > section > section > div.b-tabs > section > div:nth-child(1) > div > div:nth-child(1) > div > input"
2018-11-26 13:07:43 INFO  Mapper:74 - BY + By.cssSelector: #__layout > div > div > div > section > section > div.b-tabs > section > div:nth-child(1) > div > div:nth-child(1) > div > input
2018-11-26 14:22:15 INFO  BaseTest:32 - Settings Installation Start
2018-11-26 14:22:20 INFO  Mapper:34 - *********** BASE PATH :mapJSON/
2018-11-26 14:22:20 INFO  Mapper:36 - EVENT ACTIVITY TYPE :input-element
2018-11-26 14:22:20 INFO  Mapper:55 - ********** Map:{"cssSelector":"#__layout > div > div > div > section > section > div.b-tabs > section > div:nth-child(1) > div > div:nth-child(1) > div > input"}
2018-11-26 14:22:20 INFO  Mapper:71 - BY GENERATE :cssSelector-"#__layout > div > div > div > section > section > div.b-tabs > section > div:nth-child(1) > div > div:nth-child(1) > div > input"
2018-11-26 14:22:20 INFO  Mapper:74 - BY + By.cssSelector: #__layout > div > div > div > section > section > div.b-tabs > section > div:nth-child(1) > div > div:nth-child(1) > div > input
2018-11-26 14:40:02 INFO  BaseTest:32 - Settings Installation Start
2018-11-26 14:40:09 INFO  Mapper:34 - *********** BASE PATH :mapJSON/
2018-11-26 14:40:09 INFO  Mapper:36 - EVENT ACTIVITY TYPE :click-element
2018-11-26 14:40:09 INFO  Mapper:55 - ********** Map:{"cssSelector":"body > header > nav > div > div > ul:nth-child(3) > li:nth-child(1) > a"}
2018-11-26 14:40:09 INFO  Mapper:71 - BY GENERATE :cssSelector-"body > header > nav > div > div > ul:nth-child(3) > li:nth-child(1) > a"
2018-11-26 14:40:09 INFO  Mapper:74 - BY + By.cssSelector: body > header > nav > div > div > ul:nth-child(3) > li:nth-child(1) > a
2018-11-26 14:40:09 INFO  Mapper:34 - *********** BASE PATH :mapJSON/
2018-11-26 14:40:09 INFO  Mapper:36 - EVENT ACTIVITY TYPE :click-element
2018-11-26 14:40:09 INFO  Mapper:55 - ********** Map:{"cssSelector":"body > header > nav > div > div > ul:nth-child(3) > li:nth-child(1) > a"}
2018-11-26 14:40:09 INFO  Mapper:71 - BY GENERATE :cssSelector-"body > header > nav > div > div > ul:nth-child(3) > li:nth-child(1) > a"
2018-11-26 14:40:09 INFO  Mapper:74 - BY + By.cssSelector: body > header > nav > div > div > ul:nth-child(3) > li:nth-child(1) > a
2018-11-26 14:40:14 INFO  Mapper:34 - *********** BASE PATH :mapJSON/
2018-11-26 14:40:14 INFO  Mapper:36 - EVENT ACTIVITY TYPE :input-element
2018-11-26 14:40:14 INFO  Mapper:55 - ********** Map:{"id":"login_phoneNumber"}
2018-11-26 14:40:14 INFO  Mapper:71 - BY GENERATE :id-"login_phoneNumber"
2018-11-26 14:40:14 INFO  Mapper:74 - BY + By.id: login_phoneNumber
2018-11-26 14:40:14 INFO  Mapper:34 - *********** BASE PATH :mapJSON/
2018-11-26 14:40:14 INFO  Mapper:36 - EVENT ACTIVITY TYPE :input-element
2018-11-26 14:40:14 INFO  Mapper:55 - ********** Map:{"id":"login_phoneNumber"}
2018-11-26 14:40:14 INFO  Mapper:71 - BY GENERATE :id-"login_phoneNumber"
2018-11-26 14:40:14 INFO  Mapper:74 - BY + By.id: login_phoneNumber
2018-11-26 14:40:14 INFO  GaugeBase:618 - Element Send Keys : 5076308475-[[ChromeDriver: chrome on MAC (15b6108082a97fa807702c437b2a9fb9)] -> id: login_phoneNumber]
2018-11-26 14:40:14 INFO  Mapper:34 - *********** BASE PATH :mapJSON/
2018-11-26 14:40:14 INFO  Mapper:36 - EVENT ACTIVITY TYPE :input-element
2018-11-26 14:40:14 INFO  Mapper:55 - ********** Map:{"id":"login_password"}
2018-11-26 14:40:14 INFO  Mapper:71 - BY GENERATE :id-"login_password"
2018-11-26 14:40:14 INFO  Mapper:74 - BY + By.id: login_password
2018-11-26 14:40:14 INFO  Mapper:34 - *********** BASE PATH :mapJSON/
2018-11-26 14:40:14 INFO  Mapper:36 - EVENT ACTIVITY TYPE :input-element
2018-11-26 14:40:14 INFO  Mapper:55 - ********** Map:{"id":"login_password"}
2018-11-26 14:40:14 INFO  Mapper:71 - BY GENERATE :id-"login_password"
2018-11-26 14:40:14 INFO  Mapper:74 - BY + By.id: login_password
2018-11-26 14:40:14 INFO  GaugeBase:618 - Element Send Keys : 1234567890-[[ChromeDriver: chrome on MAC (15b6108082a97fa807702c437b2a9fb9)] -> id: login_password]
2018-11-26 20:34:15 INFO  BaseTest:32 - Settings Installation Start
2018-11-26 20:34:19 INFO  Mapper:34 - *********** BASE PATH :mapJSON/
2018-11-26 20:34:19 INFO  Mapper:36 - EVENT ACTIVITY TYPE :click-element
2018-11-26 20:34:19 INFO  Mapper:55 - ********** Map:{"cssSelector":"body > header > nav > div > div > ul:nth-child(3) > li:nth-child(1) > a"}
2018-11-26 20:34:19 INFO  Mapper:71 - BY GENERATE :cssSelector-"body > header > nav > div > div > ul:nth-child(3) > li:nth-child(1) > a"
2018-11-26 20:34:19 INFO  Mapper:74 - BY + By.cssSelector: body > header > nav > div > div > ul:nth-child(3) > li:nth-child(1) > a
2018-11-26 20:34:19 INFO  Mapper:34 - *********** BASE PATH :mapJSON/
2018-11-26 20:34:19 INFO  Mapper:36 - EVENT ACTIVITY TYPE :click-element
2018-11-26 20:34:19 INFO  Mapper:55 - ********** Map:{"cssSelector":"body > header > nav > div > div > ul:nth-child(3) > li:nth-child(1) > a"}
2018-11-26 20:34:19 INFO  Mapper:71 - BY GENERATE :cssSelector-"body > header > nav > div > div > ul:nth-child(3) > li:nth-child(1) > a"
2018-11-26 20:34:19 INFO  Mapper:74 - BY + By.cssSelector: body > header > nav > div > div > ul:nth-child(3) > li:nth-child(1) > a
2018-11-26 20:34:24 INFO  Mapper:34 - *********** BASE PATH :mapJSON/
2018-11-26 20:34:24 INFO  Mapper:36 - EVENT ACTIVITY TYPE :input-element
2018-11-26 20:34:24 INFO  Mapper:55 - ********** Map:{"id":"login_phoneNumber"}
2018-11-26 20:34:24 INFO  Mapper:71 - BY GENERATE :id-"login_phoneNumber"
2018-11-26 20:34:24 INFO  Mapper:74 - BY + By.id: login_phoneNumber
2018-11-26 20:34:24 INFO  Mapper:34 - *********** BASE PATH :mapJSON/
2018-11-26 20:34:24 INFO  Mapper:36 - EVENT ACTIVITY TYPE :input-element
2018-11-26 20:34:24 INFO  Mapper:55 - ********** Map:{"id":"login_phoneNumber"}
2018-11-26 20:34:24 INFO  Mapper:71 - BY GENERATE :id-"login_phoneNumber"
2018-11-26 20:34:24 INFO  Mapper:74 - BY + By.id: login_phoneNumber
2018-11-26 20:34:24 INFO  GaugeBase:618 - Element Send Keys : 5076308475-[[ChromeDriver: chrome on MAC (003693e150c4b732ea8aba06330a4a4a)] -> id: login_phoneNumber]
2018-11-26 20:34:24 INFO  Mapper:34 - *********** BASE PATH :mapJSON/
2018-11-26 20:34:24 INFO  Mapper:36 - EVENT ACTIVITY TYPE :input-element
2018-11-26 20:34:24 INFO  Mapper:55 - ********** Map:{"id":"login_password"}
2018-11-26 20:34:24 INFO  Mapper:71 - BY GENERATE :id-"login_password"
2018-11-26 20:34:24 INFO  Mapper:74 - BY + By.id: login_password
2018-11-26 20:34:24 INFO  Mapper:34 - *********** BASE PATH :mapJSON/
2018-11-26 20:34:24 INFO  Mapper:36 - EVENT ACTIVITY TYPE :input-element
2018-11-26 20:34:24 INFO  Mapper:55 - ********** Map:{"id":"login_password"}
2018-11-26 20:34:24 INFO  Mapper:71 - BY GENERATE :id-"login_password"
2018-11-26 20:34:24 INFO  Mapper:74 - BY + By.id: login_password
2018-11-26 20:34:24 INFO  GaugeBase:618 - Element Send Keys : 1234567890-[[ChromeDriver: chrome on MAC (003693e150c4b732ea8aba06330a4a4a)] -> id: login_password]
2018-11-26 21:35:22 INFO  BaseTest:32 - Settings Installation Start
2018-11-26 21:35:30 INFO  Mapper:34 - *********** BASE PATH :mapJSON/
2018-11-26 21:35:30 INFO  Mapper:36 - EVENT ACTIVITY TYPE :click-element
2018-11-26 21:39:55 INFO  BaseTest:32 - Settings Installation Start
2018-11-26 21:40:03 INFO  Mapper:34 - *********** BASE PATH :mapJSON/
2018-11-26 21:40:03 INFO  Mapper:36 - EVENT ACTIVITY TYPE :click-element
2018-11-26 21:40:03 INFO  Mapper:55 - ********** Map:{"cssSelector":"#header > div > div > div.hMedMenu > div.customMenu > div.myLocationHolder.customMenuItem > div.myLocation-headsUp > div > span.myLocation-close-info"}
2018-11-26 21:40:03 INFO  Mapper:71 - BY GENERATE :cssSelector-"#header > div > div > div.hMedMenu > div.customMenu > div.myLocationHolder.customMenuItem > div.myLocation-headsUp > div > span.myLocation-close-info"
2018-11-26 21:40:03 INFO  Mapper:74 - BY + By.cssSelector: #header > div > div > div.hMedMenu > div.customMenu > div.myLocationHolder.customMenuItem > div.myLocation-headsUp > div > span.myLocation-close-info
2018-11-26 21:40:04 INFO  Mapper:34 - *********** BASE PATH :mapJSON/
2018-11-26 21:40:04 INFO  Mapper:36 - EVENT ACTIVITY TYPE :click-element
2018-11-26 21:40:04 INFO  Mapper:55 - ********** Map:{"cssSelector":"#header > div > div > div.hMedMenu > div.customMenu > div.myLocationHolder.customMenuItem > div.myLocation-headsUp > div > span.myLocation-close-info"}
2018-11-26 21:40:04 INFO  Mapper:71 - BY GENERATE :cssSelector-"#header > div > div > div.hMedMenu > div.customMenu > div.myLocationHolder.customMenuItem > div.myLocation-headsUp > div > span.myLocation-close-info"
2018-11-26 21:40:04 INFO  Mapper:74 - BY + By.cssSelector: #header > div > div > div.hMedMenu > div.customMenu > div.myLocationHolder.customMenuItem > div.myLocation-headsUp > div > span.myLocation-close-info
2018-11-26 21:40:08 INFO  Mapper:34 - *********** BASE PATH :mapJSON/
2018-11-26 21:40:08 INFO  Mapper:36 - EVENT ACTIVITY TYPE :click-element
2018-11-26 21:40:08 INFO  Mapper:55 - ********** Map:{"cssSelector":"#header > div > div > div.hMedMenu > div.customMenu > div.myAccountHolder.customMenuItem.withLocalization > div > div > a.btnSignIn"}
2018-11-26 21:40:08 INFO  Mapper:71 - BY GENERATE :cssSelector-"#header > div > div > div.hMedMenu > div.customMenu > div.myAccountHolder.customMenuItem.withLocalization > div > div > a.btnSignIn"
2018-11-26 21:40:08 INFO  Mapper:74 - BY + By.cssSelector: #header > div > div > div.hMedMenu > div.customMenu > div.myAccountHolder.customMenuItem.withLocalization > div > div > a.btnSignIn
2018-11-26 21:40:08 INFO  Mapper:34 - *********** BASE PATH :mapJSON/
2018-11-26 21:40:08 INFO  Mapper:36 - EVENT ACTIVITY TYPE :click-element
2018-11-26 21:40:08 INFO  Mapper:55 - ********** Map:{"cssSelector":"#header > div > div > div.hMedMenu > div.customMenu > div.myAccountHolder.customMenuItem.withLocalization > div > div > a.btnSignIn"}
2018-11-26 21:40:08 INFO  Mapper:71 - BY GENERATE :cssSelector-"#header > div > div > div.hMedMenu > div.customMenu > div.myAccountHolder.customMenuItem.withLocalization > div > div > a.btnSignIn"
2018-11-26 21:40:08 INFO  Mapper:74 - BY + By.cssSelector: #header > div > div > div.hMedMenu > div.customMenu > div.myAccountHolder.customMenuItem.withLocalization > div > div > a.btnSignIn
2018-11-26 21:40:14 INFO  Mapper:34 - *********** BASE PATH :mapJSON/
2018-11-26 21:40:14 INFO  Mapper:36 - EVENT ACTIVITY TYPE :input-element
2018-11-26 21:40:14 INFO  Mapper:55 - ********** Map:{"id":"email"}
2018-11-26 21:40:14 INFO  Mapper:71 - BY GENERATE :id-"email"
2018-11-26 21:40:14 INFO  Mapper:74 - BY + By.id: email
2018-11-26 21:40:14 INFO  Mapper:34 - *********** BASE PATH :mapJSON/
2018-11-26 21:40:14 INFO  Mapper:36 - EVENT ACTIVITY TYPE :input-element
2018-11-26 21:40:14 INFO  Mapper:55 - ********** Map:{"id":"email"}
2018-11-26 21:40:14 INFO  Mapper:71 - BY GENERATE :id-"email"
2018-11-26 21:40:14 INFO  Mapper:74 - BY + By.id: email
2018-11-26 21:40:14 INFO  GaugeBase:618 - Element Send Keys : selidalk@gmail.com-[[ChromeDriver: chrome on MAC (b22cdd47a46f6540b1b95311486a1063)] -> id: email]
2018-11-26 21:40:15 INFO  Mapper:34 - *********** BASE PATH :mapJSON/
2018-11-26 21:40:15 INFO  Mapper:36 - EVENT ACTIVITY TYPE :input-element
2018-11-26 21:40:15 INFO  Mapper:55 - ********** Map:{"id":"password"}
2018-11-26 21:40:15 INFO  Mapper:71 - BY GENERATE :id-"password"
2018-11-26 21:40:15 INFO  Mapper:74 - BY + By.id: password
2018-11-26 21:40:15 INFO  Mapper:34 - *********** BASE PATH :mapJSON/
2018-11-26 21:40:15 INFO  Mapper:36 - EVENT ACTIVITY TYPE :input-element
2018-11-26 21:40:15 INFO  Mapper:55 - ********** Map:{"id":"password"}
2018-11-26 21:40:15 INFO  Mapper:71 - BY GENERATE :id-"password"
2018-11-26 21:40:15 INFO  Mapper:74 - BY + By.id: password
2018-11-26 21:40:15 INFO  GaugeBase:618 - Element Send Keys : 1234567890-[[ChromeDriver: chrome on MAC (b22cdd47a46f6540b1b95311486a1063)] -> id: password]
2018-11-26 21:40:15 INFO  Mapper:34 - *********** BASE PATH :mapJSON/
2018-11-26 21:40:15 INFO  Mapper:36 - EVENT ACTIVITY TYPE :click-element
2018-11-26 21:40:15 INFO  Mapper:55 - ********** Map:{"id":"loginButton"}
2018-11-26 21:40:15 INFO  Mapper:71 - BY GENERATE :id-"loginButton"
2018-11-26 21:40:15 INFO  Mapper:74 - BY + By.id: loginButton
2018-11-26 21:40:15 INFO  Mapper:34 - *********** BASE PATH :mapJSON/
2018-11-26 21:40:15 INFO  Mapper:36 - EVENT ACTIVITY TYPE :click-element
2018-11-26 21:40:15 INFO  Mapper:55 - ********** Map:{"id":"loginButton"}
2018-11-26 21:40:15 INFO  Mapper:71 - BY GENERATE :id-"loginButton"
2018-11-26 21:40:15 INFO  Mapper:74 - BY + By.id: loginButton
2018-11-26 21:44:20 INFO  BaseTest:32 - Settings Installation Start
2018-11-26 21:44:28 INFO  Mapper:34 - *********** BASE PATH :mapJSON/
2018-11-26 21:44:28 INFO  Mapper:36 - EVENT ACTIVITY TYPE :click-element
2018-11-26 21:44:28 INFO  Mapper:55 - ********** Map:{"cssSelector":"#header > div > div > div.hMedMenu > div.customMenu > div.myLocationHolder.customMenuItem > div.myLocation-headsUp > div > span.myLocation-close-info"}
2018-11-26 21:44:28 INFO  Mapper:71 - BY GENERATE :cssSelector-"#header > div > div > div.hMedMenu > div.customMenu > div.myLocationHolder.customMenuItem > div.myLocation-headsUp > div > span.myLocation-close-info"
2018-11-26 21:44:28 INFO  Mapper:74 - BY + By.cssSelector: #header > div > div > div.hMedMenu > div.customMenu > div.myLocationHolder.customMenuItem > div.myLocation-headsUp > div > span.myLocation-close-info
2018-11-26 21:44:28 INFO  Mapper:34 - *********** BASE PATH :mapJSON/
2018-11-26 21:44:28 INFO  Mapper:36 - EVENT ACTIVITY TYPE :click-element
2018-11-26 21:44:28 INFO  Mapper:55 - ********** Map:{"cssSelector":"#header > div > div > div.hMedMenu > div.customMenu > div.myLocationHolder.customMenuItem > div.myLocation-headsUp > div > span.myLocation-close-info"}
2018-11-26 21:44:28 INFO  Mapper:71 - BY GENERATE :cssSelector-"#header > div > div > div.hMedMenu > div.customMenu > div.myLocationHolder.customMenuItem > div.myLocation-headsUp > div > span.myLocation-close-info"
2018-11-26 21:44:28 INFO  Mapper:74 - BY + By.cssSelector: #header > div > div > div.hMedMenu > div.customMenu > div.myLocationHolder.customMenuItem > div.myLocation-headsUp > div > span.myLocation-close-info
2018-11-26 21:44:33 INFO  Mapper:34 - *********** BASE PATH :mapJSON/
2018-11-26 21:44:33 INFO  Mapper:36 - EVENT ACTIVITY TYPE :click-element
2018-11-26 21:44:33 INFO  Mapper:55 - ********** Map:{"cssSelector":"#header > div > div > div.hMedMenu > div.customMenu > div.myAccountHolder.customMenuItem.withLocalization > div > div > a.btnSignIn"}
2018-11-26 21:44:33 INFO  Mapper:71 - BY GENERATE :cssSelector-"#header > div > div > div.hMedMenu > div.customMenu > div.myAccountHolder.customMenuItem.withLocalization > div > div > a.btnSignIn"
2018-11-26 21:44:33 INFO  Mapper:74 - BY + By.cssSelector: #header > div > div > div.hMedMenu > div.customMenu > div.myAccountHolder.customMenuItem.withLocalization > div > div > a.btnSignIn
2018-11-26 21:44:33 INFO  Mapper:34 - *********** BASE PATH :mapJSON/
2018-11-26 21:44:33 INFO  Mapper:36 - EVENT ACTIVITY TYPE :click-element
2018-11-26 21:44:33 INFO  Mapper:55 - ********** Map:{"cssSelector":"#header > div > div > div.hMedMenu > div.customMenu > div.myAccountHolder.customMenuItem.withLocalization > div > div > a.btnSignIn"}
2018-11-26 21:44:33 INFO  Mapper:71 - BY GENERATE :cssSelector-"#header > div > div > div.hMedMenu > div.customMenu > div.myAccountHolder.customMenuItem.withLocalization > div > div > a.btnSignIn"
2018-11-26 21:44:33 INFO  Mapper:74 - BY + By.cssSelector: #header > div > div > div.hMedMenu > div.customMenu > div.myAccountHolder.customMenuItem.withLocalization > div > div > a.btnSignIn
2018-11-26 21:44:38 INFO  Mapper:34 - *********** BASE PATH :mapJSON/
2018-11-26 21:44:38 INFO  Mapper:36 - EVENT ACTIVITY TYPE :input-element
2018-11-26 21:44:38 INFO  Mapper:55 - ********** Map:{"id":"email"}
2018-11-26 21:44:38 INFO  Mapper:71 - BY GENERATE :id-"email"
2018-11-26 21:44:38 INFO  Mapper:74 - BY + By.id: email
2018-11-26 21:44:38 INFO  Mapper:34 - *********** BASE PATH :mapJSON/
2018-11-26 21:44:38 INFO  Mapper:36 - EVENT ACTIVITY TYPE :input-element
2018-11-26 21:44:38 INFO  Mapper:55 - ********** Map:{"id":"email"}
2018-11-26 21:44:38 INFO  Mapper:71 - BY GENERATE :id-"email"
2018-11-26 21:44:38 INFO  Mapper:74 - BY + By.id: email
2018-11-26 21:44:38 INFO  GaugeBase:618 - Element Send Keys : selidalk@gmail.com-[[ChromeDriver: chrome on MAC (c7ba59cf90970466a0206ca3367f4095)] -> id: email]
2018-11-26 21:44:39 INFO  Mapper:34 - *********** BASE PATH :mapJSON/
2018-11-26 21:44:39 INFO  Mapper:36 - EVENT ACTIVITY TYPE :input-element
2018-11-26 21:44:39 INFO  Mapper:55 - ********** Map:{"id":"password"}
2018-11-26 21:44:39 INFO  Mapper:71 - BY GENERATE :id-"password"
2018-11-26 21:44:39 INFO  Mapper:74 - BY + By.id: password
2018-11-26 21:44:39 INFO  Mapper:34 - *********** BASE PATH :mapJSON/
2018-11-26 21:44:39 INFO  Mapper:36 - EVENT ACTIVITY TYPE :input-element
2018-11-26 21:44:39 INFO  Mapper:55 - ********** Map:{"id":"password"}
2018-11-26 21:44:39 INFO  Mapper:71 - BY GENERATE :id-"password"
2018-11-26 21:44:39 INFO  Mapper:74 - BY + By.id: password
2018-11-26 21:44:39 INFO  GaugeBase:618 - Element Send Keys : 1234567890-[[ChromeDriver: chrome on MAC (c7ba59cf90970466a0206ca3367f4095)] -> id: password]
2018-11-26 21:44:40 INFO  Mapper:34 - *********** BASE PATH :mapJSON/
2018-11-26 21:44:40 INFO  Mapper:36 - EVENT ACTIVITY TYPE :click-element
2018-11-26 21:44:40 INFO  Mapper:55 - ********** Map:{"id":"loginButton"}
2018-11-26 21:44:40 INFO  Mapper:71 - BY GENERATE :id-"loginButton"
2018-11-26 21:44:40 INFO  Mapper:74 - BY + By.id: loginButton
2018-11-26 21:44:40 INFO  Mapper:34 - *********** BASE PATH :mapJSON/
2018-11-26 21:44:40 INFO  Mapper:36 - EVENT ACTIVITY TYPE :click-element
2018-11-26 21:44:40 INFO  Mapper:55 - ********** Map:{"id":"loginButton"}
2018-11-26 21:44:40 INFO  Mapper:71 - BY GENERATE :id-"loginButton"
2018-11-26 21:44:40 INFO  Mapper:74 - BY + By.id: loginButton
2018-11-26 21:44:45 INFO  Mapper:34 - *********** BASE PATH :mapJSON/
2018-11-26 21:44:45 INFO  Mapper:36 - EVENT ACTIVITY TYPE :is-element
2018-11-26 21:44:45 INFO  Mapper:55 - ********** Map:{"cssSelector":"#loginForm > div.inputField.error > div.errorMessage > div"}
2018-11-26 21:44:45 INFO  Mapper:71 - BY GENERATE :cssSelector-"#loginForm > div.inputField.error > div.errorMessage > div"
2018-11-26 21:44:45 INFO  Mapper:74 - BY + By.cssSelector: #loginForm > div.inputField.error > div.errorMessage > div
2018-11-29 11:39:28 INFO  BaseTest:32 - Settings Installation Start
2018-11-29 11:39:42 INFO  Mapper:34 - *********** BASE PATH :mapJSON/
2018-11-29 11:39:42 INFO  Mapper:36 - EVENT ACTIVITY TYPE :click-element
2018-11-29 11:39:42 INFO  Mapper:55 - ********** Map:{"cssSelector":"#header > div > div > div.hMedMenu > div.customMenu > div.myLocationHolder.customMenuItem > div.myLocation-headsUp > div > span.myLocation-close-info"}
2018-11-29 11:39:42 INFO  Mapper:71 - BY GENERATE :cssSelector-"#header > div > div > div.hMedMenu > div.customMenu > div.myLocationHolder.customMenuItem > div.myLocation-headsUp > div > span.myLocation-close-info"
2018-11-29 11:39:42 INFO  Mapper:74 - BY + By.cssSelector: #header > div > div > div.hMedMenu > div.customMenu > div.myLocationHolder.customMenuItem > div.myLocation-headsUp > div > span.myLocation-close-info
2018-11-29 11:39:42 INFO  Mapper:34 - *********** BASE PATH :mapJSON/
2018-11-29 11:39:42 INFO  Mapper:36 - EVENT ACTIVITY TYPE :click-element
2018-11-29 11:39:42 INFO  Mapper:55 - ********** Map:{"cssSelector":"#header > div > div > div.hMedMenu > div.customMenu > div.myLocationHolder.customMenuItem > div.myLocation-headsUp > div > span.myLocation-close-info"}
2018-11-29 11:39:42 INFO  Mapper:71 - BY GENERATE :cssSelector-"#header > div > div > div.hMedMenu > div.customMenu > div.myLocationHolder.customMenuItem > div.myLocation-headsUp > div > span.myLocation-close-info"
2018-11-29 11:39:42 INFO  Mapper:74 - BY + By.cssSelector: #header > div > div > div.hMedMenu > div.customMenu > div.myLocationHolder.customMenuItem > div.myLocation-headsUp > div > span.myLocation-close-info
2018-11-29 11:39:47 INFO  Mapper:34 - *********** BASE PATH :mapJSON/
2018-11-29 11:39:47 INFO  Mapper:36 - EVENT ACTIVITY TYPE :click-element
2018-11-29 11:39:47 INFO  Mapper:55 - ********** Map:{"cssSelector":"#header > div > div > div.hMedMenu > div.customMenu > div.myAccountHolder.customMenuItem.withLocalization > div > div > a.btnSignIn"}
2018-11-29 11:39:47 INFO  Mapper:71 - BY GENERATE :cssSelector-"#header > div > div > div.hMedMenu > div.customMenu > div.myAccountHolder.customMenuItem.withLocalization > div > div > a.btnSignIn"
2018-11-29 11:39:47 INFO  Mapper:74 - BY + By.cssSelector: #header > div > div > div.hMedMenu > div.customMenu > div.myAccountHolder.customMenuItem.withLocalization > div > div > a.btnSignIn
2018-11-29 11:39:47 INFO  Mapper:34 - *********** BASE PATH :mapJSON/
2018-11-29 11:39:47 INFO  Mapper:36 - EVENT ACTIVITY TYPE :click-element
2018-11-29 11:39:47 INFO  Mapper:55 - ********** Map:{"cssSelector":"#header > div > div > div.hMedMenu > div.customMenu > div.myAccountHolder.customMenuItem.withLocalization > div > div > a.btnSignIn"}
2018-11-29 11:39:47 INFO  Mapper:71 - BY GENERATE :cssSelector-"#header > div > div > div.hMedMenu > div.customMenu > div.myAccountHolder.customMenuItem.withLocalization > div > div > a.btnSignIn"
2018-11-29 11:39:47 INFO  Mapper:74 - BY + By.cssSelector: #header > div > div > div.hMedMenu > div.customMenu > div.myAccountHolder.customMenuItem.withLocalization > div > div > a.btnSignIn
2018-11-29 11:39:52 INFO  Mapper:34 - *********** BASE PATH :mapJSON/
2018-11-29 11:39:52 INFO  Mapper:36 - EVENT ACTIVITY TYPE :input-element
2018-11-29 11:39:52 INFO  Mapper:55 - ********** Map:{"id":"email"}
2018-11-29 11:39:52 INFO  Mapper:71 - BY GENERATE :id-"email"
2018-11-29 11:39:52 INFO  Mapper:74 - BY + By.id: email
2018-11-29 11:39:52 INFO  Mapper:34 - *********** BASE PATH :mapJSON/
2018-11-29 11:39:52 INFO  Mapper:36 - EVENT ACTIVITY TYPE :input-element
2018-11-29 11:39:52 INFO  Mapper:55 - ********** Map:{"id":"email"}
2018-11-29 11:39:52 INFO  Mapper:71 - BY GENERATE :id-"email"
2018-11-29 11:39:52 INFO  Mapper:74 - BY + By.id: email
2018-11-29 11:39:52 INFO  GaugeBase:618 - Element Send Keys : selidalk@gmail.com-[[ChromeDriver: chrome on MAC (c0495de74328d4798699cae81183b1f4)] -> id: email]
2018-11-29 11:39:53 INFO  Mapper:34 - *********** BASE PATH :mapJSON/
2018-11-29 11:39:53 INFO  Mapper:36 - EVENT ACTIVITY TYPE :input-element
2018-11-29 11:39:53 INFO  Mapper:55 - ********** Map:{"id":"password"}
2018-11-29 11:39:53 INFO  Mapper:71 - BY GENERATE :id-"password"
2018-11-29 11:39:53 INFO  Mapper:74 - BY + By.id: password
2018-11-29 11:39:53 INFO  Mapper:34 - *********** BASE PATH :mapJSON/
2018-11-29 11:39:53 INFO  Mapper:36 - EVENT ACTIVITY TYPE :input-element
2018-11-29 11:39:53 INFO  Mapper:55 - ********** Map:{"id":"password"}
2018-11-29 11:39:53 INFO  Mapper:71 - BY GENERATE :id-"password"
2018-11-29 11:39:53 INFO  Mapper:74 - BY + By.id: password
2018-11-29 11:39:53 INFO  GaugeBase:618 - Element Send Keys : 1234567890-[[ChromeDriver: chrome on MAC (c0495de74328d4798699cae81183b1f4)] -> id: password]
2018-11-29 11:39:53 INFO  Mapper:34 - *********** BASE PATH :mapJSON/
2018-11-29 11:39:53 INFO  Mapper:36 - EVENT ACTIVITY TYPE :click-element
2018-11-29 11:39:53 INFO  Mapper:55 - ********** Map:{"id":"loginButton"}
2018-11-29 11:39:53 INFO  Mapper:71 - BY GENERATE :id-"loginButton"
2018-11-29 11:39:53 INFO  Mapper:74 - BY + By.id: loginButton
2018-11-29 11:39:53 INFO  Mapper:34 - *********** BASE PATH :mapJSON/
2018-11-29 11:39:53 INFO  Mapper:36 - EVENT ACTIVITY TYPE :click-element
2018-11-29 11:39:53 INFO  Mapper:55 - ********** Map:{"id":"loginButton"}
2018-11-29 11:39:53 INFO  Mapper:71 - BY GENERATE :id-"loginButton"
2018-11-29 11:39:53 INFO  Mapper:74 - BY + By.id: loginButton
2018-11-29 11:39:58 INFO  Mapper:34 - *********** BASE PATH :mapJSON/
2018-11-29 11:39:58 INFO  Mapper:36 - EVENT ACTIVITY TYPE :is-element
2018-11-29 11:39:58 INFO  Mapper:55 - ********** Map:{"cssSelector":"#loginForm > div.inputField.error > div.errorMessage > div"}
2018-11-29 11:39:58 INFO  Mapper:71 - BY GENERATE :cssSelector-"#loginForm > div.inputField.error > div.errorMessage > div"
2018-11-29 11:39:58 INFO  Mapper:74 - BY + By.cssSelector: #loginForm > div.inputField.error > div.errorMessage > div
2018-12-03 11:27:31 INFO  BaseTest:33 - Settings Installation Start
2018-12-03 11:27:31 INFO  BaseTest:55 - DEFAULT
2018-12-03 11:28:07 INFO  BaseTest:33 - Settings Installation Start
2018-12-03 11:28:07 INFO  BaseTest:55 - DEFAULT
2018-12-03 11:30:47 INFO  BaseTest:33 - Settings Installation Start
2018-12-03 11:30:47 INFO  BaseTest:55 - DEFAULT
2018-12-03 11:32:32 INFO  BaseTest:32 - Settings Installation Start
2018-12-03 11:32:44 INFO  Mapper:34 - *********** BASE PATH :mapJSON/
2018-12-03 11:32:44 INFO  Mapper:36 - EVENT ACTIVITY TYPE :click-element
2018-12-03 11:32:44 INFO  Mapper:55 - ********** Map:{"cssSelector":"#header > div > div > div.hMedMenu > div.customMenu > div.myLocationHolder.customMenuItem > div.myLocation-headsUp > div > span.myLocation-close-info"}
2018-12-03 11:32:44 INFO  Mapper:71 - BY GENERATE :cssSelector-"#header > div > div > div.hMedMenu > div.customMenu > div.myLocationHolder.customMenuItem > div.myLocation-headsUp > div > span.myLocation-close-info"
2018-12-03 11:32:44 INFO  Mapper:74 - BY + By.cssSelector: #header > div > div > div.hMedMenu > div.customMenu > div.myLocationHolder.customMenuItem > div.myLocation-headsUp > div > span.myLocation-close-info
2018-12-03 11:32:44 INFO  Mapper:34 - *********** BASE PATH :mapJSON/
2018-12-03 11:32:44 INFO  Mapper:36 - EVENT ACTIVITY TYPE :click-element
2018-12-03 11:32:44 INFO  Mapper:55 - ********** Map:{"cssSelector":"#header > div > div > div.hMedMenu > div.customMenu > div.myLocationHolder.customMenuItem > div.myLocation-headsUp > div > span.myLocation-close-info"}
2018-12-03 11:32:44 INFO  Mapper:71 - BY GENERATE :cssSelector-"#header > div > div > div.hMedMenu > div.customMenu > div.myLocationHolder.customMenuItem > div.myLocation-headsUp > div > span.myLocation-close-info"
2018-12-03 11:32:44 INFO  Mapper:74 - BY + By.cssSelector: #header > div > div > div.hMedMenu > div.customMenu > div.myLocationHolder.customMenuItem > div.myLocation-headsUp > div > span.myLocation-close-info
2018-12-03 11:32:49 INFO  Mapper:34 - *********** BASE PATH :mapJSON/
2018-12-03 11:32:49 INFO  Mapper:36 - EVENT ACTIVITY TYPE :click-element
2018-12-03 11:32:49 INFO  Mapper:55 - ********** Map:{"cssSelector":"#header > div > div > div.hMedMenu > div.customMenu > div.myAccountHolder.customMenuItem.withLocalization > div > div > a.btnSignIn"}
2018-12-03 11:32:49 INFO  Mapper:71 - BY GENERATE :cssSelector-"#header > div > div > div.hMedMenu > div.customMenu > div.myAccountHolder.customMenuItem.withLocalization > div > div > a.btnSignIn"
2018-12-03 11:32:49 INFO  Mapper:74 - BY + By.cssSelector: #header > div > div > div.hMedMenu > div.customMenu > div.myAccountHolder.customMenuItem.withLocalization > div > div > a.btnSignIn
2018-12-03 11:32:49 INFO  Mapper:34 - *********** BASE PATH :mapJSON/
2018-12-03 11:32:49 INFO  Mapper:36 - EVENT ACTIVITY TYPE :click-element
2018-12-03 11:32:49 INFO  Mapper:55 - ********** Map:{"cssSelector":"#header > div > div > div.hMedMenu > div.customMenu > div.myAccountHolder.customMenuItem.withLocalization > div > div > a.btnSignIn"}
2018-12-03 11:32:49 INFO  Mapper:71 - BY GENERATE :cssSelector-"#header > div > div > div.hMedMenu > div.customMenu > div.myAccountHolder.customMenuItem.withLocalization > div > div > a.btnSignIn"
2018-12-03 11:32:49 INFO  Mapper:74 - BY + By.cssSelector: #header > div > div > div.hMedMenu > div.customMenu > div.myAccountHolder.customMenuItem.withLocalization > div > div > a.btnSignIn
2018-12-03 11:32:55 INFO  Mapper:34 - *********** BASE PATH :mapJSON/
2018-12-03 11:32:55 INFO  Mapper:36 - EVENT ACTIVITY TYPE :input-element
2018-12-03 11:32:55 INFO  Mapper:55 - ********** Map:{"id":"email"}
2018-12-03 11:32:55 INFO  Mapper:71 - BY GENERATE :id-"email"
2018-12-03 11:32:55 INFO  Mapper:74 - BY + By.id: email
2018-12-03 11:32:55 INFO  Mapper:34 - *********** BASE PATH :mapJSON/
2018-12-03 11:32:55 INFO  Mapper:36 - EVENT ACTIVITY TYPE :input-element
2018-12-03 11:32:55 INFO  Mapper:55 - ********** Map:{"id":"email"}
2018-12-03 11:32:55 INFO  Mapper:71 - BY GENERATE :id-"email"
2018-12-03 11:32:55 INFO  Mapper:74 - BY + By.id: email
2018-12-03 11:32:55 INFO  GaugeBase:618 - Element Send Keys : selidalk@gmail.com-[[ChromeDriver: chrome on MAC (9af3900d3eb4e3595de7064c374b0147)] -> id: email]
2018-12-03 11:32:56 INFO  Mapper:34 - *********** BASE PATH :mapJSON/
2018-12-03 11:32:56 INFO  Mapper:36 - EVENT ACTIVITY TYPE :input-element
2018-12-03 11:32:56 INFO  Mapper:55 - ********** Map:{"id":"password"}
2018-12-03 11:32:56 INFO  Mapper:71 - BY GENERATE :id-"password"
2018-12-03 11:32:56 INFO  Mapper:74 - BY + By.id: password
2018-12-03 11:32:56 INFO  Mapper:34 - *********** BASE PATH :mapJSON/
2018-12-03 11:32:56 INFO  Mapper:36 - EVENT ACTIVITY TYPE :input-element
2018-12-03 11:32:56 INFO  Mapper:55 - ********** Map:{"id":"password"}
2018-12-03 11:32:56 INFO  Mapper:71 - BY GENERATE :id-"password"
2018-12-03 11:32:56 INFO  Mapper:74 - BY + By.id: password
2018-12-03 11:32:56 INFO  GaugeBase:618 - Element Send Keys : 1234567890-[[ChromeDriver: chrome on MAC (9af3900d3eb4e3595de7064c374b0147)] -> id: password]
2018-12-03 11:32:57 INFO  Mapper:34 - *********** BASE PATH :mapJSON/
2018-12-03 11:32:57 INFO  Mapper:36 - EVENT ACTIVITY TYPE :click-element
2018-12-03 11:32:57 INFO  Mapper:55 - ********** Map:{"id":"loginButton"}
2018-12-03 11:32:57 INFO  Mapper:71 - BY GENERATE :id-"loginButton"
2018-12-03 11:32:57 INFO  Mapper:74 - BY + By.id: loginButton
2018-12-03 11:32:57 INFO  Mapper:34 - *********** BASE PATH :mapJSON/
2018-12-03 11:32:57 INFO  Mapper:36 - EVENT ACTIVITY TYPE :click-element
2018-12-03 11:32:57 INFO  Mapper:55 - ********** Map:{"id":"loginButton"}
2018-12-03 11:32:57 INFO  Mapper:71 - BY GENERATE :id-"loginButton"
2018-12-03 11:32:57 INFO  Mapper:74 - BY + By.id: loginButton
2018-12-03 11:33:02 INFO  Mapper:34 - *********** BASE PATH :mapJSON/
2018-12-03 11:33:02 INFO  Mapper:36 - EVENT ACTIVITY TYPE :is-element
2018-12-03 11:33:02 INFO  Mapper:55 - ********** Map:{"cssSelector":"#loginForm > div.inputField.error > div.errorMessage > div"}
2018-12-03 11:33:02 INFO  Mapper:71 - BY GENERATE :cssSelector-"#loginForm > div.inputField.error > div.errorMessage > div"
2018-12-03 11:33:02 INFO  Mapper:74 - BY + By.cssSelector: #loginForm > div.inputField.error > div.errorMessage > div
2018-12-03 14:29:50 INFO  BaseTest:32 - Settings Installation Start
2018-12-03 14:30:01 INFO  Mapper:34 - *********** BASE PATH :mapJSON/
2018-12-03 14:30:01 INFO  Mapper:36 - EVENT ACTIVITY TYPE :click-element
2018-12-03 14:30:01 INFO  Mapper:55 - ********** Map:{"cssSelector":"#header > div > div > div.hMedMenu > div.customMenu > div.myLocationHolder.customMenuItem > div.myLocation-headsUp > div > span.myLocation-close-info"}
2018-12-03 14:30:01 INFO  Mapper:71 - BY GENERATE :cssSelector-"#header > div > div > div.hMedMenu > div.customMenu > div.myLocationHolder.customMenuItem > div.myLocation-headsUp > div > span.myLocation-close-info"
2018-12-03 14:30:01 INFO  Mapper:74 - BY + By.cssSelector: #header > div > div > div.hMedMenu > div.customMenu > div.myLocationHolder.customMenuItem > div.myLocation-headsUp > div > span.myLocation-close-info
2018-12-03 14:30:01 INFO  Mapper:34 - *********** BASE PATH :mapJSON/
2018-12-03 14:30:01 INFO  Mapper:36 - EVENT ACTIVITY TYPE :click-element
2018-12-03 14:30:01 INFO  Mapper:55 - ********** Map:{"cssSelector":"#header > div > div > div.hMedMenu > div.customMenu > div.myLocationHolder.customMenuItem > div.myLocation-headsUp > div > span.myLocation-close-info"}
2018-12-03 14:30:01 INFO  Mapper:71 - BY GENERATE :cssSelector-"#header > div > div > div.hMedMenu > div.customMenu > div.myLocationHolder.customMenuItem > div.myLocation-headsUp > div > span.myLocation-close-info"
2018-12-03 14:30:01 INFO  Mapper:74 - BY + By.cssSelector: #header > div > div > div.hMedMenu > div.customMenu > div.myLocationHolder.customMenuItem > div.myLocation-headsUp > div > span.myLocation-close-info
2018-12-03 14:30:06 INFO  Mapper:34 - *********** BASE PATH :mapJSON/
2018-12-03 14:30:06 INFO  Mapper:36 - EVENT ACTIVITY TYPE :click-element
2018-12-03 14:30:06 INFO  Mapper:55 - ********** Map:{"cssSelector":"#header > div > div > div.hMedMenu > div.customMenu > div.myAccountHolder.customMenuItem.withLocalization > div > div > a.btnSignIn"}
2018-12-03 14:30:06 INFO  Mapper:71 - BY GENERATE :cssSelector-"#header > div > div > div.hMedMenu > div.customMenu > div.myAccountHolder.customMenuItem.withLocalization > div > div > a.btnSignIn"
2018-12-03 14:30:06 INFO  Mapper:74 - BY + By.cssSelector: #header > div > div > div.hMedMenu > div.customMenu > div.myAccountHolder.customMenuItem.withLocalization > div > div > a.btnSignIn
2018-12-03 14:30:06 INFO  Mapper:34 - *********** BASE PATH :mapJSON/
2018-12-03 14:30:06 INFO  Mapper:36 - EVENT ACTIVITY TYPE :click-element
2018-12-03 14:30:06 INFO  Mapper:55 - ********** Map:{"cssSelector":"#header > div > div > div.hMedMenu > div.customMenu > div.myAccountHolder.customMenuItem.withLocalization > div > div > a.btnSignIn"}
2018-12-03 14:30:06 INFO  Mapper:71 - BY GENERATE :cssSelector-"#header > div > div > div.hMedMenu > div.customMenu > div.myAccountHolder.customMenuItem.withLocalization > div > div > a.btnSignIn"
2018-12-03 14:30:06 INFO  Mapper:74 - BY + By.cssSelector: #header > div > div > div.hMedMenu > div.customMenu > div.myAccountHolder.customMenuItem.withLocalization > div > div > a.btnSignIn
2018-12-03 14:45:10 INFO  BaseTest:29 - Settings Installation Start
2018-12-03 14:45:17 INFO  Mapper:38 - ******* BASE PATH :mapJSON/
2018-12-03 14:45:17 INFO  Mapper:40 - EVENT ACTIVITY TYPE :click-element
2018-12-03 14:45:17 ERROR Mapper:73 - ANASAYFA_UYARI KAPATis not found in JSON file
2018-12-04 11:34:22 INFO  BaseTest:29 - Settings Installation Start
2018-12-04 11:34:29 INFO  Mapper:38 - ******* BASE PATH :mapJSON/
2018-12-04 11:34:29 INFO  Mapper:40 - EVENT ACTIVITY TYPE :click-element
2018-12-04 11:34:29 ERROR Mapper:73 - ANASAYFA_UYARI KAPATis not found in JSON file
2018-12-07 10:58:45 INFO  BaseTest:30 - Settings Installation Start
2018-12-07 10:58:50 INFO  BaseTest:47 - Ahmet
2018-12-07 10:58:50 INFO  Mapper:38 - ******* BASE PATH :mapJSON/
2018-12-07 10:58:50 INFO  Mapper:40 - EVENT ACTIVITY TYPE :input-element
2018-12-07 10:58:50 ERROR Mapper:73 - ADis not found in JSON file
2018-12-10 21:33:41 INFO  BaseTest:30 - Settings Installation Start
2018-12-10 21:34:02 INFO  Mapper:38 - ******* BASE PATH :mapJSON/
2018-12-10 21:34:02 INFO  Mapper:40 - EVENT ACTIVITY TYPE :click-element
2018-12-10 21:34:02 INFO  Mapper:57 - ******* Map :{"cssSelector":"#header > div > div > div.hMedMenu > div.customMenu > div.myLocationHolder.customMenuItem > div.myLocation-headsUp > div > span.myLocation-close-info"}
2018-12-10 21:34:02 INFO  Mapper:78 - BY GENERATE :cssSelector-"#header > div > div > div.hMedMenu > div.customMenu > div.myLocationHolder.customMenuItem > div.myLocation-headsUp > div > span.myLocation-close-info"
2018-12-10 21:34:02 INFO  Mapper:81 - BY :By.cssSelector: #header > div > div > div.hMedMenu > div.customMenu > div.myLocationHolder.customMenuItem > div.myLocation-headsUp > div > span.myLocation-close-info
2018-12-10 21:34:03 INFO  GaugeBase:1009 - Waiting Actions Process Clickable
2018-12-10 21:34:03 INFO  GaugeBase:593 - Element Clicked :[[ChromeDriver: chrome on XP (44bfd1e585bf0835ccee8c6b93c99167)] -> css selector: #header > div > div > div.hMedMenu > div.customMenu > div.myLocationHolder.customMenuItem > div.myLocation-headsUp > div > span.myLocation-close-info]
2018-12-10 21:34:03 INFO  Mapper:38 - ******* BASE PATH :mapJSON/
2018-12-10 21:34:03 INFO  Mapper:40 - EVENT ACTIVITY TYPE :click-element
2018-12-10 21:34:03 INFO  Mapper:57 - ******* Map :{"cssSelector":"#header > div > div > div.hMedMenu > div.customMenu > div.myAccountHolder.customMenuItem.withLocalization > div > div > a.btnSignIn"}
2018-12-10 21:34:03 INFO  Mapper:78 - BY GENERATE :cssSelector-"#header > div > div > div.hMedMenu > div.customMenu > div.myAccountHolder.customMenuItem.withLocalization > div > div > a.btnSignIn"
2018-12-10 21:34:03 INFO  Mapper:81 - BY :By.cssSelector: #header > div > div > div.hMedMenu > div.customMenu > div.myAccountHolder.customMenuItem.withLocalization > div > div > a.btnSignIn
2018-12-10 21:34:03 INFO  GaugeBase:1009 - Waiting Actions Process Clickable
2018-12-10 21:34:03 INFO  GaugeBase:593 - Element Clicked :[[ChromeDriver: chrome on XP (44bfd1e585bf0835ccee8c6b93c99167)] -> css selector: #header > div > div > div.hMedMenu > div.customMenu > div.myAccountHolder.customMenuItem.withLocalization > div > div > a.btnSignIn]
2018-12-10 21:34:06 INFO  BaseTest:56 - selidalk@gmail.com
2018-12-10 21:34:06 INFO  Mapper:38 - ******* BASE PATH :mapJSON/
2018-12-10 21:34:06 INFO  Mapper:40 - EVENT ACTIVITY TYPE :input-element
2018-12-10 21:34:06 INFO  Mapper:57 - ******* Map :{"id":"email"}
2018-12-10 21:34:06 INFO  Mapper:78 - BY GENERATE :id-"email"
2018-12-10 21:34:06 INFO  Mapper:81 - BY :By.id: email
2018-12-10 21:34:07 INFO  GaugeBase:1009 - Waiting Actions Process Clickable
2018-12-10 21:34:07 INFO  GaugeBase:676 - Element Send Keys : selidalk@gmail.com-[[ChromeDriver: chrome on XP (44bfd1e585bf0835ccee8c6b93c99167)] -> id: email]
2018-12-10 21:35:21 INFO  BaseTest:30 - Settings Installation Start
2018-12-10 21:35:34 INFO  BaseTest:56 - test
2018-12-10 21:35:34 INFO  Mapper:38 - ******* BASE PATH :mapJSON/
2018-12-10 21:35:34 INFO  Mapper:40 - EVENT ACTIVITY TYPE :input-element
2018-12-10 21:35:34 ERROR Mapper:73 - Aramais not found in JSON file
2018-12-10 21:36:35 INFO  BaseTest:30 - Settings Installation Start
2018-12-10 21:37:34 INFO  BaseTest:30 - Settings Installation Start
2018-12-10 21:37:41 INFO  BaseTest:56 - test
2018-12-10 21:37:41 INFO  Mapper:38 - ******* BASE PATH :mapJSON/
2018-12-10 21:37:41 INFO  Mapper:40 - EVENT ACTIVITY TYPE :input-element
2018-12-10 21:37:41 ERROR Mapper:73 - Aramais not found in JSON file
2018-12-10 21:43:44 INFO  BaseTest:30 - Settings Installation Start
2018-12-10 21:43:54 INFO  BaseTest:56 - test
2018-12-10 21:43:54 INFO  Mapper:38 - ******* BASE PATH :mapJSON/
2018-12-10 21:43:54 INFO  Mapper:40 - EVENT ACTIVITY TYPE :input-element
2018-12-10 21:43:54 ERROR Mapper:73 - Aramais not found in JSON file
2018-12-10 21:45:12 INFO  BaseTest:30 - Settings Installation Start
2018-12-10 21:45:19 INFO  BaseTest:56 - test
2018-12-10 21:45:19 INFO  Mapper:38 - ******* BASE PATH :mapJSON/
2018-12-10 21:45:19 INFO  Mapper:40 - EVENT ACTIVITY TYPE :input-element
2018-12-10 21:45:19 INFO  Mapper:57 - ******* Map :{"cssSelector":"#tsf > div:nth-child(2) > div > div.RNNXgb > div > div.a4bIc > input"}
2018-12-10 21:45:19 INFO  Mapper:78 - BY GENERATE :cssSelector-"#tsf > div:nth-child(2) > div > div.RNNXgb > div > div.a4bIc > input"
2018-12-10 21:45:19 INFO  Mapper:81 - BY :By.cssSelector: #tsf > div:nth-child(2) > div > div.RNNXgb > div > div.a4bIc > input
2018-12-10 21:45:19 INFO  GaugeBase:1009 - Waiting Actions Process Clickable
2018-12-10 21:45:19 INFO  GaugeBase:676 - Element Send Keys : test-[[ChromeDriver: chrome on XP (6def2e8a4cb3f235f4d00a16d2fcea14)] -> css selector: #tsf > div:nth-child(2) > div > div.RNNXgb > div > div.a4bIc > input]
2018-12-10 21:45:52 INFO  BaseTest:30 - Settings Installation Start
2018-12-11 11:04:57 INFO  BaseTest:30 - Settings Installation Start
2018-12-11 21:11:43 INFO  BaseTest:30 - Settings Installation Start
2018-12-11 21:13:47 INFO  BaseTest:30 - Settings Installation Start
2018-12-11 21:20:54 INFO  BaseTest:30 - Settings Installation Start
2018-12-11 21:21:27 INFO  Mapper:38 - ******* BASE PATH :mapJSON/
2018-12-11 21:21:27 INFO  Mapper:40 - EVENT ACTIVITY TYPE :click-element
2018-12-11 21:23:31 INFO  BaseTest:30 - Settings Installation Start
2018-12-11 21:24:04 INFO  Mapper:38 - ******* BASE PATH :mapJSON/
2018-12-11 21:24:04 INFO  Mapper:40 - EVENT ACTIVITY TYPE :click-element
2018-12-11 21:24:04 INFO  Mapper:57 - ******* Map :{"cssSelector":"#Homepage > header > nav > div > div > ul:nth-child(2) > li:nth-child(2) > a"}
2018-12-11 21:24:04 INFO  Mapper:78 - BY GENERATE :cssSelector-"#Homepage > header > nav > div > div > ul:nth-child(2) > li:nth-child(2) > a"
2018-12-11 21:24:04 INFO  Mapper:81 - BY :By.cssSelector: #Homepage > header > nav > div > div > ul:nth-child(2) > li:nth-child(2) > a
2018-12-11 21:24:04 INFO  GaugeBase:1009 - Waiting Actions Process Clickable
2018-12-11 21:24:04 INFO  GaugeBase:593 - Element Clicked :[[ChromeDriver: chrome on XP (d62551987d8064c287eabc90a2e3e273)] -> css selector: #Homepage > header > nav > div > div > ul:nth-child(2) > li:nth-child(2) > a]
2018-12-11 21:27:47 INFO  BaseTest:30 - Settings Installation Start
2018-12-11 21:28:21 INFO  Mapper:38 - ******* BASE PATH :mapJSON/
2018-12-11 21:28:21 INFO  Mapper:40 - EVENT ACTIVITY TYPE :click-element
2018-12-11 21:28:21 INFO  Mapper:57 - ******* Map :{"cssSelector":"#Homepage > header > nav > div > div > ul:nth-child(2) > li:nth-child(3) > a"}
2018-12-11 21:28:21 INFO  Mapper:78 - BY GENERATE :cssSelector-"#Homepage > header > nav > div > div > ul:nth-child(2) > li:nth-child(3) > a"
2018-12-11 21:28:21 INFO  Mapper:81 - BY :By.cssSelector: #Homepage > header > nav > div > div > ul:nth-child(2) > li:nth-child(3) > a
2018-12-11 21:28:21 INFO  GaugeBase:1009 - Waiting Actions Process Clickable
2018-12-11 21:28:21 INFO  GaugeBase:593 - Element Clicked :[[ChromeDriver: chrome on XP (7375f4b10fc2e1feeb3c135b09460d29)] -> css selector: #Homepage > header > nav > div > div > ul:nth-child(2) > li:nth-child(3) > a]
2018-12-11 21:31:40 INFO  BaseTest:30 - Settings Installation Start
2018-12-11 21:32:15 INFO  Mapper:38 - ******* BASE PATH :mapJSON/
2018-12-11 21:32:15 INFO  Mapper:40 - EVENT ACTIVITY TYPE :click-element
2018-12-11 21:32:15 INFO  Mapper:57 - ******* Map :{"cssSelector":"#Homepage > header > nav > div > div > ul:nth-child(2) > li:nth-child(3) > a"}
2018-12-11 21:32:15 INFO  Mapper:78 - BY GENERATE :cssSelector-"#Homepage > header > nav > div > div > ul:nth-child(2) > li:nth-child(3) > a"
2018-12-11 21:32:15 INFO  Mapper:81 - BY :By.cssSelector: #Homepage > header > nav > div > div > ul:nth-child(2) > li:nth-child(3) > a
2018-12-11 21:32:16 INFO  GaugeBase:1009 - Waiting Actions Process Clickable
2018-12-11 21:32:16 INFO  GaugeBase:593 - Element Clicked :[[ChromeDriver: chrome on XP (9f2187da03eae82b876bc8899b828283)] -> css selector: #Homepage > header > nav > div > div > ul:nth-child(2) > li:nth-child(3) > a]
2018-12-11 21:39:55 INFO  BaseTest:30 - Settings Installation Start
2018-12-11 21:40:12 INFO  Mapper:38 - ******* BASE PATH :mapJSON/
2018-12-11 21:40:12 INFO  Mapper:40 - EVENT ACTIVITY TYPE :click-element
2018-12-11 21:40:12 INFO  Mapper:57 - ******* Map :{"cssSelector":"#Homepage > header > nav > div > div > ul:nth-child(2) > li:nth-child(2) > a"}
2018-12-11 21:40:12 INFO  Mapper:78 - BY GENERATE :cssSelector-"#Homepage > header > nav > div > div > ul:nth-child(2) > li:nth-child(2) > a"
2018-12-11 21:40:12 INFO  Mapper:81 - BY :By.cssSelector: #Homepage > header > nav > div > div > ul:nth-child(2) > li:nth-child(2) > a
2018-12-11 21:40:12 INFO  GaugeBase:1009 - Waiting Actions Process Clickable
2018-12-11 21:40:12 INFO  GaugeBase:593 - Element Clicked :[[ChromeDriver: chrome on XP (2be61770d5a298cb0c1972a9767890d8)] -> css selector: #Homepage > header > nav > div > div > ul:nth-child(2) > li:nth-child(2) > a]
2018-12-11 21:40:22 INFO  BaseTest:56 - 5555555511
2018-12-11 21:40:22 INFO  Mapper:38 - ******* BASE PATH :mapJSON/
2018-12-11 21:40:22 INFO  Mapper:40 - EVENT ACTIVITY TYPE :input-element
2018-12-11 21:40:22 INFO  Mapper:57 - ******* Map :{"id":"login_phoneNumber"}
2018-12-11 21:40:22 INFO  Mapper:78 - BY GENERATE :id-"login_phoneNumber"
2018-12-11 21:40:22 INFO  Mapper:81 - BY :By.id: login_phoneNumber
2018-12-11 21:40:22 INFO  GaugeBase:1009 - Waiting Actions Process Clickable
2018-12-11 21:40:22 INFO  GaugeBase:676 - Element Send Keys : 5555555511-[[ChromeDriver: chrome on XP (2be61770d5a298cb0c1972a9767890d8)] -> id: login_phoneNumber]
2018-12-11 21:40:22 INFO  BaseTest:56 - 123456
2018-12-11 21:40:22 INFO  Mapper:38 - ******* BASE PATH :mapJSON/
2018-12-11 21:40:22 INFO  Mapper:40 - EVENT ACTIVITY TYPE :input-element
2018-12-11 21:40:22 INFO  Mapper:57 - ******* Map :{"id":"login_password"}
2018-12-11 21:40:22 INFO  Mapper:78 - BY GENERATE :id-"login_password"
2018-12-11 21:40:22 INFO  Mapper:81 - BY :By.id: login_password
2018-12-11 21:40:23 INFO  GaugeBase:1009 - Waiting Actions Process Clickable
2018-12-11 21:40:23 INFO  GaugeBase:676 - Element Send Keys : 123456-[[ChromeDriver: chrome on XP (2be61770d5a298cb0c1972a9767890d8)] -> id: login_password]
2018-12-11 21:40:23 INFO  Mapper:38 - ******* BASE PATH :mapJSON/
2018-12-11 21:40:23 INFO  Mapper:40 - EVENT ACTIVITY TYPE :click-element
2018-12-11 21:40:23 INFO  Mapper:57 - ******* Map :{"id":"login_submit"}
2018-12-11 21:40:23 INFO  Mapper:78 - BY GENERATE :id-"login_submit"
2018-12-11 21:40:23 INFO  Mapper:81 - BY :By.id: login_submit
2018-12-11 21:40:23 INFO  GaugeBase:1009 - Waiting Actions Process Clickable
2018-12-11 21:40:23 INFO  GaugeBase:593 - Element Clicked :[[ChromeDriver: chrome on XP (2be61770d5a298cb0c1972a9767890d8)] -> id: login_submit]
2018-12-11 21:42:11 INFO  BaseTest:30 - Settings Installation Start
2018-12-11 21:42:27 INFO  Mapper:38 - ******* BASE PATH :mapJSON/
2018-12-11 21:42:27 INFO  Mapper:40 - EVENT ACTIVITY TYPE :click-element
2018-12-11 21:42:27 INFO  Mapper:57 - ******* Map :{"cssSelector":"#Homepage > header > nav > div > div > ul:nth-child(2) > li:nth-child(2) > a"}
2018-12-11 21:42:27 INFO  Mapper:78 - BY GENERATE :cssSelector-"#Homepage > header > nav > div > div > ul:nth-child(2) > li:nth-child(2) > a"
2018-12-11 21:42:27 INFO  Mapper:81 - BY :By.cssSelector: #Homepage > header > nav > div > div > ul:nth-child(2) > li:nth-child(2) > a
2018-12-11 21:42:27 INFO  GaugeBase:1009 - Waiting Actions Process Clickable
2018-12-11 21:42:27 INFO  GaugeBase:593 - Element Clicked :[[ChromeDriver: chrome on XP (f5eddbdd1f7362ed270c12d74367fdc1)] -> css selector: #Homepage > header > nav > div > div > ul:nth-child(2) > li:nth-child(2) > a]
2018-12-11 21:42:37 INFO  BaseTest:56 - 5555555511
2018-12-11 21:42:37 INFO  Mapper:38 - ******* BASE PATH :mapJSON/
2018-12-11 21:42:37 INFO  Mapper:40 - EVENT ACTIVITY TYPE :input-element
2018-12-11 21:42:37 INFO  Mapper:57 - ******* Map :{"id":"login_phoneNumber"}
2018-12-11 21:42:37 INFO  Mapper:78 - BY GENERATE :id-"login_phoneNumber"
2018-12-11 21:42:37 INFO  Mapper:81 - BY :By.id: login_phoneNumber
2018-12-11 21:42:37 INFO  GaugeBase:1009 - Waiting Actions Process Clickable
2018-12-11 21:42:37 INFO  GaugeBase:676 - Element Send Keys : 5555555511-[[ChromeDriver: chrome on XP (f5eddbdd1f7362ed270c12d74367fdc1)] -> id: login_phoneNumber]
2018-12-11 21:42:37 INFO  BaseTest:56 - 123456
2018-12-11 21:42:37 INFO  Mapper:38 - ******* BASE PATH :mapJSON/
2018-12-11 21:42:37 INFO  Mapper:40 - EVENT ACTIVITY TYPE :input-element
2018-12-11 21:42:37 INFO  Mapper:57 - ******* Map :{"id":"login_password"}
2018-12-11 21:42:37 INFO  Mapper:78 - BY GENERATE :id-"login_password"
2018-12-11 21:42:37 INFO  Mapper:81 - BY :By.id: login_password
2018-12-11 21:42:37 INFO  GaugeBase:1009 - Waiting Actions Process Clickable
2018-12-11 21:42:37 INFO  GaugeBase:676 - Element Send Keys : 123456-[[ChromeDriver: chrome on XP (f5eddbdd1f7362ed270c12d74367fdc1)] -> id: login_password]
2018-12-11 21:42:38 INFO  Mapper:38 - ******* BASE PATH :mapJSON/
2018-12-11 21:42:38 INFO  Mapper:40 - EVENT ACTIVITY TYPE :click-element
2018-12-11 21:42:38 INFO  Mapper:57 - ******* Map :{"id":"login_submit"}
2018-12-11 21:42:38 INFO  Mapper:78 - BY GENERATE :id-"login_submit"
2018-12-11 21:42:38 INFO  Mapper:81 - BY :By.id: login_submit
2018-12-11 21:42:38 INFO  GaugeBase:1009 - Waiting Actions Process Clickable
2018-12-11 21:42:38 INFO  GaugeBase:593 - Element Clicked :[[ChromeDriver: chrome on XP (f5eddbdd1f7362ed270c12d74367fdc1)] -> id: login_submit]
